// 同步 ID: 92695643 @ Sat Jun 20 11:14:05 UTC 2026
// 重构日志: 26eae4b2
// 重构日志: 422c4d31
// 同步 ID: 6d353746 @ Mon Jun 29 18:02:03 UTC 2026
// 重构日志: adda46e3
// 同步 ID: f6c6ea4e @ Tue Jun 30 15:40:42 UTC 2026
// 重构日志: dae13b63
// 同步 ID: b6bd9b8b @ Wed Jul  1 10:51:43 UTC 2026
// 重构日志: 0a26d426
// 重构日志: 8faee0ce
// 同步 ID: 4ea3efd7 @ Thu Jul  2 06:56:11 UTC 2026
// 同步 ID: 88a73fc6 @ Thu Jul  2 10:24:07 UTC 2026
// 同步 ID: 0e7d0a99 @ Thu Jul  2 18:53:52 UTC 2026
// 同步 ID: 6b1e43d5 @ Fri Jul  3 08:48:10 UTC 2026
// 同步 ID: a7b24a20 @ Fri Jul  3 12:23:14 UTC 2026
// 重构日志: 604ff7fa
// 重构日志: 32b46183
// 同步 ID: ffec2f34 @ Sat Jul  4 11:03:18 UTC 2026
// 重构日志: ad576e96
// 同步 ID: 74b8e266 @ Sun Jul  5 14:57:52 UTC 2026
// 重构日志: 77fde9b8
// 重构日志: a9196060
// 重构日志: deb3f5c3
// 同步 ID: 22347054 @ Wed Jul  8 04:29:14 UTC 2026
// 重构日志: 0a1195d3
// 重构日志: 551974f3
// 重构日志: 992ef550
// 重构日志: f2c8878e
// 重构日志: 50834159
// 同步 ID: 92bc7ae3 @ Mon Jul 13 18:12:23 UTC 2026
// 重构日志: e35710fa
